# JRE version: Java(TM) SE Runtime Environment (8.0_201-b09) (build 1.8.0_201-b09)
# Java VM: Java HotSpot(TM) 64-Bit Server VM (25.201-b09 mixed mode linux-amd64 compressed oops)
Heap:
 PSYoungGen      total 904192K, used 113290K [0x000000076d000000, 0x00000007ae880000, 0x00000007c0000000)
  eden space 767488K, 0% used [0x000000076d000000,0x000000076d000000,0x000000079bd80000)
  from space 136704K, 82% used [0x000000079bd80000,0x00000007a2c22a30,0x00000007a4300000)
  to   space 118784K, 0% used [0x00000007a4300000,0x00000007a4300000,0x00000007ab700000)
 ParOldGen       total 360960K, used 107299K [0x00000006c7000000, 0x00000006dd080000, 0x000000076d000000)
  object space 360960K, 29% used [0x00000006c7000000,0x00000006cd8c8ff8,0x00000006dd080000)
 Metaspace       used 40148K, capacity 41200K, committed 41600K, reserved 1085440K
  class space    used 4530K, capacity 4883K, committed 4992K, reserved 1048576K
GC Heap History (10 events):
Event: 13,532 GC heap after
Heap after GC invocations=13 (full 2):
 PSYoungGen      total 524800K, used 58877K [0x000000076d000000, 0x000000079bd00000, 0x00000007c0000000)
  eden space 465920K, 0% used [0x000000076d000000,0x000000076d000000,0x0000000789700000)
  from space 58880K, 99% used [0x0000000789700000,0x000000078d07f570,0x000000078d080000)
  to   space 75776K, 0% used [0x0000000797300000,0x0000000797300000,0x000000079bd00000)
 ParOldGen       total 318464K, used 140400K [0x00000006c7000000, 0x00000006da700000, 0x000000076d000000)
  object space 318464K, 44% used [0x00000006c7000000,0x00000006cf91c210,0x00000006da700000)
 Metaspace       used 34668K, capacity 35688K, committed 35840K, reserved 1081344K
  class space    used 3975K, capacity 4347K, committed 4352K, reserved 1048576K
}
Event: 15,923 GC heap before
{Heap before GC invocations=14 (full 2):
 PSYoungGen      total 524800K, used 524797K [0x000000076d000000, 0x000000079bd00000, 0x00000007c0000000)
  eden space 465920K, 100% used [0x000000076d000000,0x0000000789700000,0x0000000789700000)
  from space 58880K, 99% used [0x0000000789700000,0x000000078d07f570,0x000000078d080000)
  to   space 75776K, 0% used [0x0000000797300000,0x0000000797300000,0x000000079bd00000)
 ParOldGen       total 318464K, used 140400K [0x00000006c7000000, 0x00000006da700000, 0x000000076d000000)
  object space 318464K, 44% used [0x00000006c7000000,0x00000006cf91c210,0x00000006da700000)
 Metaspace       used 34692K, capacity 35764K, committed 35840K, reserved 1081344K
  class space    used 3976K, capacity 4349K, committed 4352K, reserved 1048576K
Event: 16,375 GC heap after
Heap after GC invocations=14 (full 2):
 PSYoungGen      total 644608K, used 75761K [0x000000076d000000, 0x00000007a3100000, 0x00000007c0000000)
  eden space 568832K, 0% used [0x000000076d000000,0x000000076d000000,0x000000078fb80000)
  from space 75776K, 99% used [0x0000000797300000,0x000000079bcfc540,0x000000079bd00000)
  to   space 122368K, 0% used [0x000000078fb80000,0x000000078fb80000,0x0000000797300000)
 ParOldGen       total 318464K, used 231093K [0x00000006c7000000, 0x00000006da700000, 0x000000076d000000)
  object space 318464K, 72% used [0x00000006c7000000,0x00000006d51ad490,0x00000006da700000)
 Metaspace       used 34692K, capacity 35764K, committed 35840K, reserved 1081344K
  class space    used 3976K, capacity 4349K, committed 4352K, reserved 1048576K
}
Event: 19,080 GC heap before
{Heap before GC invocations=15 (full 2):
 PSYoungGen      total 644608K, used 644593K [0x000000076d000000, 0x00000007a3100000, 0x00000007c0000000)
  eden space 568832K, 100% used [0x000000076d000000,0x000000078fb80000,0x000000078fb80000)
  from space 75776K, 99% used [0x0000000797300000,0x000000079bcfc540,0x000000079bd00000)
  to   space 122368K, 0% used [0x000000078fb80000,0x000000078fb80000,0x0000000797300000)
 ParOldGen       total 318464K, used 231093K [0x00000006c7000000, 0x00000006da700000, 0x000000076d000000)
  object space 318464K, 72% used [0x00000006c7000000,0x00000006d51ad490,0x00000006da700000)
 Metaspace       used 39846K, capacity 40990K, committed 41088K, reserved 1085440K
  class space    used 4526K, capacity 4918K, committed 4992K, reserved 1048576K
Event: 19,360 GC heap after
Heap after GC invocations=15 (full 2):
 PSYoungGen      total 691200K, used 52894K [0x000000076d000000, 0x00000007ab700000, 0x00000007c0000000)
  eden space 568832K, 0% used [0x000000076d000000,0x000000076d000000,0x000000078fb80000)
  from space 122368K, 43% used [0x000000078fb80000,0x0000000792f27b18,0x0000000797300000)
  to   space 118784K, 0% used [0x00000007a4300000,0x00000007a4300000,0x00000007ab700000)
 ParOldGen       total 318464K, used 265996K [0x00000006c7000000, 0x00000006da700000, 0x000000076d000000)
  object space 318464K, 83% used [0x00000006c7000000,0x00000006d73c3228,0x00000006da700000)
 Metaspace       used 39846K, capacity 40990K, committed 41088K, reserved 1085440K
  class space    used 4526K, capacity 4918K, committed 4992K, reserved 1048576K
}
Event: 19,360 GC heap before
{Heap before GC invocations=16 (full 3):
 PSYoungGen      total 691200K, used 52894K [0x000000076d000000, 0x00000007ab700000, 0x00000007c0000000)
  eden space 568832K, 0% used [0x000000076d000000,0x000000076d000000,0x000000078fb80000)
  from space 122368K, 43% used [0x000000078fb80000,0x0000000792f27b18,0x0000000797300000)
  to   space 118784K, 0% used [0x00000007a4300000,0x00000007a4300000,0x00000007ab700000)
 ParOldGen       total 318464K, used 265996K [0x00000006c7000000, 0x00000006da700000, 0x000000076d000000)
  object space 318464K, 83% used [0x00000006c7000000,0x00000006d73c3228,0x00000006da700000)
 Metaspace       used 39846K, capacity 40990K, committed 41088K, reserved 1085440K
  class space    used 4526K, capacity 4918K, committed 4992K, reserved 1048576K
Event: 19,609 GC heap after
Heap after GC invocations=16 (full 3):
 PSYoungGen      total 691200K, used 0K [0x000000076d000000, 0x00000007ab700000, 0x00000007c0000000)
  eden space 568832K, 0% used [0x000000076d000000,0x000000076d000000,0x000000078fb80000)
  from space 122368K, 0% used [0x000000078fb80000,0x000000078fb80000,0x0000000797300000)
  to   space 118784K, 0% used [0x00000007a4300000,0x00000007a4300000,0x00000007ab700000)
 ParOldGen       total 360960K, used 106283K [0x00000006c7000000, 0x00000006dd080000, 0x000000076d000000)
  object space 360960K, 29% used [0x00000006c7000000,0x00000006cd7cafe8,0x00000006dd080000)
 Metaspace       used 39566K, capacity 40596K, committed 41088K, reserved 1085440K
  class space    used 4495K, capacity 4832K, committed 4992K, reserved 1048576K
}
Event: 21,996 GC heap before
{Heap before GC invocations=17 (full 3):
 PSYoungGen      total 691200K, used 568832K [0x000000076d000000, 0x00000007ab700000, 0x00000007c0000000)
  eden space 568832K, 100% used [0x000000076d000000,0x000000078fb80000,0x000000078fb80000)
  from space 122368K, 0% used [0x000000078fb80000,0x000000078fb80000,0x0000000797300000)
  to   space 118784K, 0% used [0x00000007a4300000,0x00000007a4300000,0x00000007ab700000)
 ParOldGen       total 360960K, used 106283K [0x00000006c7000000, 0x00000006dd080000, 0x000000076d000000)
  object space 360960K, 29% used [0x00000006c7000000,0x00000006cd7cafe8,0x00000006dd080000)
 Metaspace       used 39787K, capacity 40748K, committed 41088K, reserved 1085440K
  class space    used 4514K, capacity 4840K, committed 4992K, reserved 1048576K
Event: 22,261 GC heap after
Heap after GC invocations=17 (full 3):
 PSYoungGen      total 886272K, used 111607K [0x000000076d000000, 0x00000007ae880000, 0x00000007c0000000)
  eden space 767488K, 0% used [0x000000076d000000,0x000000076d000000,0x000000079bd80000)
  from space 118784K, 93% used [0x00000007a4300000,0x00000007aaffdf90,0x00000007ab700000)
  to   space 136704K, 0% used [0x000000079bd80000,0x000000079bd80000,0x00000007a4300000)
 ParOldGen       total 360960K, used 106291K [0x00000006c7000000, 0x00000006dd080000, 0x000000076d000000)
  object space 360960K, 29% used [0x00000006c7000000,0x00000006cd7ccfe8,0x00000006dd080000)
 Metaspace       used 39787K, capacity 40748K, committed 41088K, reserved 1085440K
  class space    used 4514K, capacity 4840K, committed 4992K, reserved 1048576K
}
Event: 24,379 GC heap before
{Heap before GC invocations=18 (full 3):
 PSYoungGen      total 886272K, used 879095K [0x000000076d000000, 0x00000007ae880000, 0x00000007c0000000)
  eden space 767488K, 100% used [0x000000076d000000,0x000000079bd80000,0x000000079bd80000)
  from space 118784K, 93% used [0x00000007a4300000,0x00000007aaffdf90,0x00000007ab700000)
  to   space 136704K, 0% used [0x000000079bd80000,0x000000079bd80000,0x00000007a4300000)
 ParOldGen       total 360960K, used 106291K [0x00000006c7000000, 0x00000006dd080000, 0x000000076d000000)
  object space 360960K, 29% used [0x00000006c7000000,0x00000006cd7ccfe8,0x00000006dd080000)
 Metaspace       used 40148K, capacity 41200K, committed 41600K, reserved 1085440K
  class space    used 4530K, capacity 4883K, committed 4992K, reserved 1048576K

